TN:
SF:src\db\index.ts
FN:9,initDatabase
FNF:1
FNH:1
FNDA:2,initDatabase
DA:1,2
DA:2,2
DA:5,2
DA:6,2
DA:11,2
DA:12,2
DA:13,2
DA:15,2
DA:16,0
DA:20,2
DA:23,2
DA:25,2
DA:29,2
LF:13
LH:12
BRDA:6,0,0,2
BRDA:6,0,1,0
BRDA:15,1,0,0
BRDA:15,1,1,2
BRF:4
BRH:2
end_of_record
TN:
SF:src\db\schema.ts
FNF:0
FNH:0
DA:1,2
LF:1
LH:1
BRF:0
BRH:0
end_of_record
TN:
SF:src\repositories\BlockRepository.ts
FN:6,(anonymous_0)
FN:30,(anonymous_1)
FN:37,(anonymous_2)
FN:44,(anonymous_3)
FN:69,(anonymous_4)
FN:76,(anonymous_5)
FNF:6
FNH:6
FNDA:17,(anonymous_0)
FNDA:8,(anonymous_1)
FNDA:3,(anonymous_2)
FNDA:4,(anonymous_3)
FNDA:2,(anonymous_4)
FNDA:10,(anonymous_5)
DA:1,2
DA:4,2
DA:7,17
DA:8,17
DA:9,17
DA:12,17
DA:17,17
DA:19,17
DA:31,8
DA:32,8
DA:33,8
DA:38,3
DA:39,3
DA:40,3
DA:45,4
DA:46,4
DA:48,4
DA:49,4
DA:50,4
DA:52,4
DA:58,4
DA:60,4
DA:70,2
DA:71,2
DA:72,2
DA:77,10
DA:78,10
DA:79,10
DA:83,2
LF:29
LH:29
BRDA:9,0,0,13
BRDA:9,0,1,4
BRDA:9,1,0,17
BRDA:9,1,1,17
BRDA:33,2,0,6
BRDA:33,2,1,2
BRDA:46,3,0,0
BRDA:46,3,1,4
BRDA:49,4,0,2
BRDA:49,4,1,2
BRDA:49,5,0,4
BRDA:49,5,1,4
BRDA:50,6,0,2
BRDA:50,6,1,2
BRDA:50,7,0,4
BRDA:50,7,1,4
BRDA:79,8,0,4
BRDA:79,8,1,6
BRDA:79,9,0,10
BRDA:79,9,1,4
BRF:20
BRH:19
end_of_record
TN:
SF:src\services\BlockService.ts
FN:6,(anonymous_0)
FN:18,(anonymous_1)
FN:23,(anonymous_2)
FN:28,(anonymous_3)
FN:33,(anonymous_4)
FN:38,(anonymous_5)
FN:39,(anonymous_6)
FNF:7
FNH:7
FNDA:9,(anonymous_0)
FNDA:2,(anonymous_1)
FNDA:2,(anonymous_2)
FNDA:1,(anonymous_3)
FNDA:1,(anonymous_4)
FNDA:1,(anonymous_5)
FNDA:2,(anonymous_6)
DA:1,1
DA:4,1
DA:8,9
DA:9,9
DA:14,9
DA:19,2
DA:24,2
DA:29,1
DA:34,1
DA:39,1
DA:40,2
DA:45,1
LF:12
LH:12
BRDA:11,0,0,0
BRDA:11,0,1,9
BRDA:11,1,0,9
BRDA:11,1,1,9
BRF:4
BRH:3
end_of_record
